2016-02-27 10:03:54  [ main:0 ] - [ INFO ]  Refreshing org.springframework.context.support.FileSystemXmlApplicationContext@4de77a3e: startup date [Sat Feb 27 10:03:54 CST 2016]; root of context hierarchy
2016-02-27 10:03:54  [ main:63 ] - [ INFO ]  Loading XML bean definitions from class path resource [spring-context.xml]
2016-02-27 10:05:21  [ main:0 ] - [ INFO ]  Refreshing org.springframework.context.support.FileSystemXmlApplicationContext@180aa467: startup date [Sat Feb 27 10:05:21 CST 2016]; root of context hierarchy
2016-02-27 10:05:21  [ main:59 ] - [ INFO ]  Loading XML bean definitions from class path resource [spring-context.xml]
2016-02-27 10:06:08  [ main:0 ] - [ INFO ]  Refreshing org.springframework.context.support.FileSystemXmlApplicationContext@4de77a3e: startup date [Sat Feb 27 10:06:08 CST 2016]; root of context hierarchy
2016-02-27 10:06:08  [ main:63 ] - [ INFO ]  Loading XML bean definitions from class path resource [spring-context.xml]
2016-02-27 10:06:08  [ main:204 ] - [ INFO ]  JSR-250 'javax.annotation.ManagedBean' found and supported for component scanning
2016-02-27 10:06:22  [ main:13835 ] - [ INFO ]  Pre-instantiating singletons in org.springframework.beans.factory.support.DefaultListableBeanFactory@5dc31eb3: defining beans [org.springframework.context.annotation.internalConfigurationAnnotationProcessor,org.springframework.context.annotation.internalAutowiredAnnotationProcessor,org.springframework.context.annotation.internalRequiredAnnotationProcessor,org.springframework.context.annotation.internalCommonAnnotationProcessor,testclient,SysCodeSvc,org.springframework.context.annotation.ConfigurationClassPostProcessor.importAwareProcessor]; root of factory hierarchy
2016-02-27 10:08:03  [ main:0 ] - [ INFO ]  Refreshing org.springframework.context.support.FileSystemXmlApplicationContext@2a063e60: startup date [Sat Feb 27 10:08:03 CST 2016]; root of context hierarchy
2016-02-27 10:08:03  [ main:55 ] - [ INFO ]  Loading XML bean definitions from class path resource [spring-context.xml]
2016-02-27 10:08:03  [ main:211 ] - [ INFO ]  JSR-250 'javax.annotation.ManagedBean' found and supported for component scanning
2016-02-27 10:08:04  [ main:378 ] - [ INFO ]  Pre-instantiating singletons in org.springframework.beans.factory.support.DefaultListableBeanFactory@5103c628: defining beans [org.springframework.context.annotation.internalConfigurationAnnotationProcessor,org.springframework.context.annotation.internalAutowiredAnnotationProcessor,org.springframework.context.annotation.internalRequiredAnnotationProcessor,org.springframework.context.annotation.internalCommonAnnotationProcessor,testclient,SysCodeSvc,org.springframework.context.annotation.ConfigurationClassPostProcessor.importAwareProcessor]; root of factory hierarchy
2016-02-27 10:20:34  [ main:0 ] - [ INFO ]  Refreshing org.springframework.context.support.FileSystemXmlApplicationContext@180aa467: startup date [Sat Feb 27 10:20:34 CST 2016]; root of context hierarchy
2016-02-27 10:20:34  [ main:66 ] - [ INFO ]  Loading XML bean definitions from class path resource [spring-context.xml]
2016-02-27 10:20:34  [ main:221 ] - [ INFO ]  JSR-250 'javax.annotation.ManagedBean' found and supported for component scanning
2016-02-27 10:20:34  [ main:399 ] - [ INFO ]  Pre-instantiating singletons in org.springframework.beans.factory.support.DefaultListableBeanFactory@6e22f51b: defining beans [org.springframework.context.annotation.internalConfigurationAnnotationProcessor,org.springframework.context.annotation.internalAutowiredAnnotationProcessor,org.springframework.context.annotation.internalRequiredAnnotationProcessor,org.springframework.context.annotation.internalCommonAnnotationProcessor,testclient,SysCodeSvc,org.springframework.context.annotation.ConfigurationClassPostProcessor.importAwareProcessor]; root of factory hierarchy
2016-02-27 10:22:06  [ main:0 ] - [ INFO ]  Refreshing org.springframework.context.support.FileSystemXmlApplicationContext@31731b2f: startup date [Sat Feb 27 10:22:06 CST 2016]; root of context hierarchy
2016-02-27 10:22:06  [ main:62 ] - [ INFO ]  Loading XML bean definitions from class path resource [spring-context.xml]
2016-02-27 10:22:06  [ main:213 ] - [ INFO ]  JSR-250 'javax.annotation.ManagedBean' found and supported for component scanning
2016-02-27 10:22:06  [ main:384 ] - [ INFO ]  Pre-instantiating singletons in org.springframework.beans.factory.support.DefaultListableBeanFactory@3909f81a: defining beans [org.springframework.context.annotation.internalConfigurationAnnotationProcessor,org.springframework.context.annotation.internalAutowiredAnnotationProcessor,org.springframework.context.annotation.internalRequiredAnnotationProcessor,org.springframework.context.annotation.internalCommonAnnotationProcessor,testclient,SysCodeSvc,org.springframework.context.annotation.ConfigurationClassPostProcessor.importAwareProcessor]; root of factory hierarchy
2016-02-27 10:22:44  [ main:0 ] - [ INFO ]  Refreshing org.springframework.context.support.FileSystemXmlApplicationContext@7711c37e: startup date [Sat Feb 27 10:22:44 CST 2016]; root of context hierarchy
2016-02-27 10:22:45  [ main:64 ] - [ INFO ]  Loading XML bean definitions from class path resource [spring-context.xml]
2016-02-27 10:22:45  [ main:213 ] - [ INFO ]  JSR-250 'javax.annotation.ManagedBean' found and supported for component scanning
2016-02-27 10:22:45  [ main:388 ] - [ INFO ]  Pre-instantiating singletons in org.springframework.beans.factory.support.DefaultListableBeanFactory@3bcf1e34: defining beans [org.springframework.context.annotation.internalConfigurationAnnotationProcessor,org.springframework.context.annotation.internalAutowiredAnnotationProcessor,org.springframework.context.annotation.internalRequiredAnnotationProcessor,org.springframework.context.annotation.internalCommonAnnotationProcessor,testclient,SysCodeSvc,org.springframework.context.annotation.ConfigurationClassPostProcessor.importAwareProcessor]; root of factory hierarchy
2016-02-27 10:23:33  [ main:0 ] - [ INFO ]  Refreshing org.springframework.context.support.FileSystemXmlApplicationContext@515063db: startup date [Sat Feb 27 10:23:33 CST 2016]; root of context hierarchy
2016-02-27 10:23:33  [ main:66 ] - [ INFO ]  Loading XML bean definitions from class path resource [spring-context.xml]
2016-02-27 10:23:33  [ main:220 ] - [ INFO ]  JSR-250 'javax.annotation.ManagedBean' found and supported for component scanning
2016-02-27 10:23:34  [ main:399 ] - [ INFO ]  Pre-instantiating singletons in org.springframework.beans.factory.support.DefaultListableBeanFactory@323d4ad9: defining beans [org.springframework.context.annotation.internalConfigurationAnnotationProcessor,org.springframework.context.annotation.internalAutowiredAnnotationProcessor,org.springframework.context.annotation.internalRequiredAnnotationProcessor,org.springframework.context.annotation.internalCommonAnnotationProcessor,com.binary.framework.util.FrameworkProperties#0,testclient,SysCodeSvc,org.springframework.context.annotation.ConfigurationClassPostProcessor.importAwareProcessor]; root of factory hierarchy
2016-02-27 10:27:22  [ main:0 ] - [ INFO ]  Refreshing org.springframework.context.support.FileSystemXmlApplicationContext@5c8b071a: startup date [Sat Feb 27 10:27:22 CST 2016]; root of context hierarchy
2016-02-27 10:27:22  [ main:57 ] - [ INFO ]  Loading XML bean definitions from class path resource [spring-context.xml]
2016-02-27 10:27:22  [ main:208 ] - [ INFO ]  JSR-250 'javax.annotation.ManagedBean' found and supported for component scanning
2016-02-27 10:27:23  [ main:414 ] - [ INFO ]  Pre-instantiating singletons in org.springframework.beans.factory.support.DefaultListableBeanFactory@7f385bdb: defining beans [org.springframework.context.annotation.internalConfigurationAnnotationProcessor,org.springframework.context.annotation.internalAutowiredAnnotationProcessor,org.springframework.context.annotation.internalRequiredAnnotationProcessor,org.springframework.context.annotation.internalCommonAnnotationProcessor,com.binary.framework.util.FrameworkProperties#0,testclient,SysCodeSvc,org.springframework.context.annotation.ConfigurationClassPostProcessor.importAwareProcessor]; root of factory hierarchy
2016-02-27 10:27:35  [ main:0 ] - [ INFO ]  Refreshing org.springframework.context.support.FileSystemXmlApplicationContext@2b7f6b6d: startup date [Sat Feb 27 10:27:35 CST 2016]; root of context hierarchy
2016-02-27 10:27:35  [ main:55 ] - [ INFO ]  Loading XML bean definitions from class path resource [spring-context.xml]
2016-02-27 10:27:35  [ main:201 ] - [ INFO ]  JSR-250 'javax.annotation.ManagedBean' found and supported for component scanning
2016-02-27 10:27:36  [ main:382 ] - [ INFO ]  Pre-instantiating singletons in org.springframework.beans.factory.support.DefaultListableBeanFactory@4d16c81d: defining beans [org.springframework.context.annotation.internalConfigurationAnnotationProcessor,org.springframework.context.annotation.internalAutowiredAnnotationProcessor,org.springframework.context.annotation.internalRequiredAnnotationProcessor,org.springframework.context.annotation.internalCommonAnnotationProcessor,com.binary.framework.util.FrameworkProperties#0,testclient,SysCodeSvc,org.springframework.context.annotation.ConfigurationClassPostProcessor.importAwareProcessor]; root of factory hierarchy
2016-02-27 10:28:09  [ main:0 ] - [ INFO ]  Refreshing org.springframework.context.support.FileSystemXmlApplicationContext@5c8b071a: startup date [Sat Feb 27 10:28:09 CST 2016]; root of context hierarchy
2016-02-27 10:28:10  [ main:59 ] - [ INFO ]  Loading XML bean definitions from class path resource [spring-context.xml]
2016-02-27 10:28:10  [ main:225 ] - [ INFO ]  JSR-250 'javax.annotation.ManagedBean' found and supported for component scanning
2016-02-27 10:28:10  [ main:401 ] - [ INFO ]  Pre-instantiating singletons in org.springframework.beans.factory.support.DefaultListableBeanFactory@7f385bdb: defining beans [org.springframework.context.annotation.internalConfigurationAnnotationProcessor,org.springframework.context.annotation.internalAutowiredAnnotationProcessor,org.springframework.context.annotation.internalRequiredAnnotationProcessor,org.springframework.context.annotation.internalCommonAnnotationProcessor,com.binary.framework.util.FrameworkProperties#0,testclient,SysCodeSvc,org.springframework.context.annotation.ConfigurationClassPostProcessor.importAwareProcessor]; root of factory hierarchy
2016-02-27 10:28:31  [ main:0 ] - [ INFO ]  Refreshing org.springframework.context.support.FileSystemXmlApplicationContext@3a65d76a: startup date [Sat Feb 27 10:28:31 CST 2016]; root of context hierarchy
2016-02-27 10:28:31  [ main:57 ] - [ INFO ]  Loading XML bean definitions from class path resource [spring-context.xml]
2016-02-27 10:28:32  [ main:219 ] - [ INFO ]  JSR-250 'javax.annotation.ManagedBean' found and supported for component scanning
2016-02-27 10:28:32  [ main:394 ] - [ INFO ]  Pre-instantiating singletons in org.springframework.beans.factory.support.DefaultListableBeanFactory@12ac0f75: defining beans [org.springframework.context.annotation.internalConfigurationAnnotationProcessor,org.springframework.context.annotation.internalAutowiredAnnotationProcessor,org.springframework.context.annotation.internalRequiredAnnotationProcessor,org.springframework.context.annotation.internalCommonAnnotationProcessor,com.binary.framework.util.FrameworkProperties#0,testclient,SysCodeSvc,org.springframework.context.annotation.ConfigurationClassPostProcessor.importAwareProcessor]; root of factory hierarchy
2016-02-27 10:29:01  [ main:0 ] - [ INFO ]  Refreshing org.springframework.context.support.FileSystemXmlApplicationContext@5c8b071a: startup date [Sat Feb 27 10:29:01 CST 2016]; root of context hierarchy
2016-02-27 10:29:01  [ main:57 ] - [ INFO ]  Loading XML bean definitions from class path resource [spring-context.xml]
2016-02-27 10:29:01  [ main:219 ] - [ INFO ]  JSR-250 'javax.annotation.ManagedBean' found and supported for component scanning
2016-02-27 10:29:01  [ main:396 ] - [ INFO ]  Pre-instantiating singletons in org.springframework.beans.factory.support.DefaultListableBeanFactory@7f385bdb: defining beans [org.springframework.context.annotation.internalConfigurationAnnotationProcessor,org.springframework.context.annotation.internalAutowiredAnnotationProcessor,org.springframework.context.annotation.internalRequiredAnnotationProcessor,org.springframework.context.annotation.internalCommonAnnotationProcessor,com.binary.framework.util.FrameworkProperties#0,testclient,SysCodeSvc,org.springframework.context.annotation.ConfigurationClassPostProcessor.importAwareProcessor]; root of factory hierarchy
2016-02-27 10:29:34  [ main:0 ] - [ INFO ]  Refreshing org.springframework.context.support.FileSystemXmlApplicationContext@5c8b071a: startup date [Sat Feb 27 10:29:34 CST 2016]; root of context hierarchy
2016-02-27 10:29:34  [ main:57 ] - [ INFO ]  Loading XML bean definitions from class path resource [spring-context.xml]
2016-02-27 10:29:34  [ main:217 ] - [ INFO ]  JSR-250 'javax.annotation.ManagedBean' found and supported for component scanning
2016-02-27 10:29:34  [ main:393 ] - [ INFO ]  Pre-instantiating singletons in org.springframework.beans.factory.support.DefaultListableBeanFactory@7f385bdb: defining beans [org.springframework.context.annotation.internalConfigurationAnnotationProcessor,org.springframework.context.annotation.internalAutowiredAnnotationProcessor,org.springframework.context.annotation.internalRequiredAnnotationProcessor,org.springframework.context.annotation.internalCommonAnnotationProcessor,com.binary.framework.util.FrameworkProperties#0,testclient,SysCodeSvc,org.springframework.context.annotation.ConfigurationClassPostProcessor.importAwareProcessor]; root of factory hierarchy
2016-02-27 10:30:14  [ main:0 ] - [ INFO ]  Refreshing org.springframework.context.support.FileSystemXmlApplicationContext@74218e19: startup date [Sat Feb 27 10:30:14 CST 2016]; root of context hierarchy
2016-02-27 10:30:14  [ main:56 ] - [ INFO ]  Loading XML bean definitions from class path resource [spring-context.xml]
2016-02-27 10:30:14  [ main:212 ] - [ INFO ]  JSR-250 'javax.annotation.ManagedBean' found and supported for component scanning
2016-02-27 10:30:14  [ main:394 ] - [ INFO ]  Pre-instantiating singletons in org.springframework.beans.factory.support.DefaultListableBeanFactory@5e2ad3e6: defining beans [org.springframework.context.annotation.internalConfigurationAnnotationProcessor,org.springframework.context.annotation.internalAutowiredAnnotationProcessor,org.springframework.context.annotation.internalRequiredAnnotationProcessor,org.springframework.context.annotation.internalCommonAnnotationProcessor,com.binary.framework.util.FrameworkProperties#0,testclient,SysCodeSvc,org.springframework.context.annotation.ConfigurationClassPostProcessor.importAwareProcessor]; root of factory hierarchy
2016-02-27 11:09:14  [ main:0 ] - [ INFO ]  Refreshing org.springframework.context.support.FileSystemXmlApplicationContext@3a65d76a: startup date [Sat Feb 27 11:09:14 CST 2016]; root of context hierarchy
2016-02-27 11:09:14  [ main:56 ] - [ INFO ]  Loading XML bean definitions from class path resource [spring-context.xml]
2016-02-27 11:09:14  [ main:212 ] - [ INFO ]  JSR-250 'javax.annotation.ManagedBean' found and supported for component scanning
2016-02-27 11:09:15  [ main:404 ] - [ INFO ]  Pre-instantiating singletons in org.springframework.beans.factory.support.DefaultListableBeanFactory@12ac0f75: defining beans [org.springframework.context.annotation.internalConfigurationAnnotationProcessor,org.springframework.context.annotation.internalAutowiredAnnotationProcessor,org.springframework.context.annotation.internalRequiredAnnotationProcessor,org.springframework.context.annotation.internalCommonAnnotationProcessor,com.binary.framework.util.FrameworkProperties#0,testclient,SysCodeSvc,org.springframework.context.annotation.ConfigurationClassPostProcessor.importAwareProcessor]; root of factory hierarchy
2016-02-27 11:09:56  [ main:0 ] - [ INFO ]  Refreshing org.springframework.context.support.FileSystemXmlApplicationContext@3630f72: startup date [Sat Feb 27 11:09:56 CST 2016]; root of context hierarchy
2016-02-27 11:09:56  [ main:58 ] - [ INFO ]  Loading XML bean definitions from class path resource [spring-context.xml]
2016-02-27 11:09:56  [ main:210 ] - [ INFO ]  JSR-250 'javax.annotation.ManagedBean' found and supported for component scanning
2016-02-27 11:09:56  [ main:394 ] - [ INFO ]  Pre-instantiating singletons in org.springframework.beans.factory.support.DefaultListableBeanFactory@17c2f074: defining beans [org.springframework.context.annotation.internalConfigurationAnnotationProcessor,org.springframework.context.annotation.internalAutowiredAnnotationProcessor,org.springframework.context.annotation.internalRequiredAnnotationProcessor,org.springframework.context.annotation.internalCommonAnnotationProcessor,com.binary.framework.util.FrameworkProperties#0,testclient,SysCodeSvc,org.springframework.context.annotation.ConfigurationClassPostProcessor.importAwareProcessor]; root of factory hierarchy
2016-02-27 11:10:03  [ main:0 ] - [ INFO ]  Refreshing org.springframework.context.support.FileSystemXmlApplicationContext@78d377df: startup date [Sat Feb 27 11:10:03 CST 2016]; root of context hierarchy
2016-02-27 11:10:03  [ main:56 ] - [ INFO ]  Loading XML bean definitions from class path resource [spring-context.xml]
2016-02-27 11:10:03  [ main:203 ] - [ INFO ]  JSR-250 'javax.annotation.ManagedBean' found and supported for component scanning
2016-02-27 11:10:03  [ main:388 ] - [ INFO ]  Pre-instantiating singletons in org.springframework.beans.factory.support.DefaultListableBeanFactory@2226a790: defining beans [org.springframework.context.annotation.internalConfigurationAnnotationProcessor,org.springframework.context.annotation.internalAutowiredAnnotationProcessor,org.springframework.context.annotation.internalRequiredAnnotationProcessor,org.springframework.context.annotation.internalCommonAnnotationProcessor,com.binary.framework.util.FrameworkProperties#0,testclient,SysCodeSvc,org.springframework.context.annotation.ConfigurationClassPostProcessor.importAwareProcessor]; root of factory hierarchy
2016-02-27 11:10:42  [ main:0 ] - [ INFO ]  Refreshing org.springframework.context.support.FileSystemXmlApplicationContext@2b7f6b6d: startup date [Sat Feb 27 11:10:42 CST 2016]; root of context hierarchy
2016-02-27 11:10:42  [ main:58 ] - [ INFO ]  Loading XML bean definitions from class path resource [spring-context.xml]
2016-02-27 11:10:42  [ main:212 ] - [ INFO ]  JSR-250 'javax.annotation.ManagedBean' found and supported for component scanning
2016-02-27 11:10:43  [ main:385 ] - [ INFO ]  Pre-instantiating singletons in org.springframework.beans.factory.support.DefaultListableBeanFactory@4d16c81d: defining beans [org.springframework.context.annotation.internalConfigurationAnnotationProcessor,org.springframework.context.annotation.internalAutowiredAnnotationProcessor,org.springframework.context.annotation.internalRequiredAnnotationProcessor,org.springframework.context.annotation.internalCommonAnnotationProcessor,com.binary.framework.util.FrameworkProperties#0,testclient,SysCodeSvc,org.springframework.context.annotation.ConfigurationClassPostProcessor.importAwareProcessor]; root of factory hierarchy
2016-02-27 11:11:01  [ main:0 ] - [ INFO ]  Refreshing org.springframework.context.support.FileSystemXmlApplicationContext@5c8b071a: startup date [Sat Feb 27 11:11:01 CST 2016]; root of context hierarchy
2016-02-27 11:11:01  [ main:58 ] - [ INFO ]  Loading XML bean definitions from class path resource [spring-context.xml]
2016-02-27 11:11:01  [ main:206 ] - [ INFO ]  JSR-250 'javax.annotation.ManagedBean' found and supported for component scanning
2016-02-27 11:11:01  [ main:393 ] - [ INFO ]  Pre-instantiating singletons in org.springframework.beans.factory.support.DefaultListableBeanFactory@7f385bdb: defining beans [org.springframework.context.annotation.internalConfigurationAnnotationProcessor,org.springframework.context.annotation.internalAutowiredAnnotationProcessor,org.springframework.context.annotation.internalRequiredAnnotationProcessor,org.springframework.context.annotation.internalCommonAnnotationProcessor,com.binary.framework.util.FrameworkProperties#0,testclient,SysCodeSvc,org.springframework.context.annotation.ConfigurationClassPostProcessor.importAwareProcessor]; root of factory hierarchy
2016-02-27 11:12:52  [ main:0 ] - [ INFO ]  Refreshing org.springframework.context.support.FileSystemXmlApplicationContext@a45f686: startup date [Sat Feb 27 11:12:52 CST 2016]; root of context hierarchy
2016-02-27 11:12:52  [ main:58 ] - [ INFO ]  Loading XML bean definitions from class path resource [spring-context.xml]
2016-02-27 11:12:52  [ main:205 ] - [ INFO ]  JSR-250 'javax.annotation.ManagedBean' found and supported for component scanning
2016-02-27 11:12:52  [ main:383 ] - [ INFO ]  Pre-instantiating singletons in org.springframework.beans.factory.support.DefaultListableBeanFactory@193d6547: defining beans [org.springframework.context.annotation.internalConfigurationAnnotationProcessor,org.springframework.context.annotation.internalAutowiredAnnotationProcessor,org.springframework.context.annotation.internalRequiredAnnotationProcessor,org.springframework.context.annotation.internalCommonAnnotationProcessor,com.binary.framework.util.FrameworkProperties#0,testclient,SysCodeSvc,org.springframework.context.annotation.ConfigurationClassPostProcessor.importAwareProcessor]; root of factory hierarchy
2016-02-27 11:27:33  [ main:0 ] - [ INFO ]  Refreshing org.springframework.context.support.FileSystemXmlApplicationContext@2b7f6b6d: startup date [Sat Feb 27 11:27:33 CST 2016]; root of context hierarchy
2016-02-27 11:27:33  [ main:62 ] - [ INFO ]  Loading XML bean definitions from class path resource [spring-context.xml]
2016-02-27 11:27:33  [ main:221 ] - [ INFO ]  JSR-250 'javax.annotation.ManagedBean' found and supported for component scanning
2016-02-27 11:27:33  [ main:413 ] - [ INFO ]  Pre-instantiating singletons in org.springframework.beans.factory.support.DefaultListableBeanFactory@17c2f074: defining beans [org.springframework.context.annotation.internalConfigurationAnnotationProcessor,org.springframework.context.annotation.internalAutowiredAnnotationProcessor,org.springframework.context.annotation.internalRequiredAnnotationProcessor,org.springframework.context.annotation.internalCommonAnnotationProcessor,com.binary.framework.util.FrameworkProperties#0,testclient,SysCodeSvc,org.springframework.context.annotation.ConfigurationClassPostProcessor.importAwareProcessor]; root of factory hierarchy
2016-02-27 11:27:48  [ main:0 ] - [ INFO ]  Refreshing org.springframework.context.support.FileSystemXmlApplicationContext@3a65d76a: startup date [Sat Feb 27 11:27:48 CST 2016]; root of context hierarchy
2016-02-27 11:27:49  [ main:60 ] - [ INFO ]  Loading XML bean definitions from class path resource [spring-context.xml]
2016-02-27 11:27:49  [ main:210 ] - [ INFO ]  JSR-250 'javax.annotation.ManagedBean' found and supported for component scanning
2016-02-27 11:27:49  [ main:392 ] - [ INFO ]  Pre-instantiating singletons in org.springframework.beans.factory.support.DefaultListableBeanFactory@7f385bdb: defining beans [org.springframework.context.annotation.internalConfigurationAnnotationProcessor,org.springframework.context.annotation.internalAutowiredAnnotationProcessor,org.springframework.context.annotation.internalRequiredAnnotationProcessor,org.springframework.context.annotation.internalCommonAnnotationProcessor,com.binary.framework.util.FrameworkProperties#0,testclient,SysCodeSvc,org.springframework.context.annotation.ConfigurationClassPostProcessor.importAwareProcessor]; root of factory hierarchy
2016-02-27 11:28:02  [ main:0 ] - [ INFO ]  Refreshing org.springframework.context.support.FileSystemXmlApplicationContext@74218e19: startup date [Sat Feb 27 11:28:02 CST 2016]; root of context hierarchy
2016-02-27 11:28:02  [ main:57 ] - [ INFO ]  Loading XML bean definitions from class path resource [spring-context.xml]
2016-02-27 11:28:03  [ main:204 ] - [ INFO ]  JSR-250 'javax.annotation.ManagedBean' found and supported for component scanning
2016-02-27 11:28:03  [ main:380 ] - [ INFO ]  Pre-instantiating singletons in org.springframework.beans.factory.support.DefaultListableBeanFactory@4d16c81d: defining beans [org.springframework.context.annotation.internalConfigurationAnnotationProcessor,org.springframework.context.annotation.internalAutowiredAnnotationProcessor,org.springframework.context.annotation.internalRequiredAnnotationProcessor,org.springframework.context.annotation.internalCommonAnnotationProcessor,com.binary.framework.util.FrameworkProperties#0,testclient,SysCodeSvc,org.springframework.context.annotation.ConfigurationClassPostProcessor.importAwareProcessor]; root of factory hierarchy
2016-02-27 11:28:18  [ main:0 ] - [ INFO ]  Refreshing org.springframework.context.support.FileSystemXmlApplicationContext@46f846df: startup date [Sat Feb 27 11:28:18 CST 2016]; root of context hierarchy
2016-02-27 11:28:18  [ main:57 ] - [ INFO ]  Loading XML bean definitions from class path resource [spring-context.xml]
2016-02-27 11:28:18  [ main:202 ] - [ INFO ]  JSR-250 'javax.annotation.ManagedBean' found and supported for component scanning
2016-02-27 11:28:18  [ main:380 ] - [ INFO ]  Pre-instantiating singletons in org.springframework.beans.factory.support.DefaultListableBeanFactory@12ac0f75: defining beans [org.springframework.context.annotation.internalConfigurationAnnotationProcessor,org.springframework.context.annotation.internalAutowiredAnnotationProcessor,org.springframework.context.annotation.internalRequiredAnnotationProcessor,org.springframework.context.annotation.internalCommonAnnotationProcessor,com.binary.framework.util.FrameworkProperties#0,testclient,SysCodeSvc,org.springframework.context.annotation.ConfigurationClassPostProcessor.importAwareProcessor]; root of factory hierarchy
2016-02-27 11:28:28  [ main:0 ] - [ INFO ]  Refreshing org.springframework.context.support.FileSystemXmlApplicationContext@74218e19: startup date [Sat Feb 27 11:28:28 CST 2016]; root of context hierarchy
2016-02-27 11:28:28  [ main:56 ] - [ INFO ]  Loading XML bean definitions from class path resource [spring-context.xml]
2016-02-27 11:28:28  [ main:213 ] - [ INFO ]  JSR-250 'javax.annotation.ManagedBean' found and supported for component scanning
2016-02-27 11:28:29  [ main:389 ] - [ INFO ]  Pre-instantiating singletons in org.springframework.beans.factory.support.DefaultListableBeanFactory@4d16c81d: defining beans [org.springframework.context.annotation.internalConfigurationAnnotationProcessor,org.springframework.context.annotation.internalAutowiredAnnotationProcessor,org.springframework.context.annotation.internalRequiredAnnotationProcessor,org.springframework.context.annotation.internalCommonAnnotationProcessor,com.binary.framework.util.FrameworkProperties#0,testclient,SysCodeSvc,org.springframework.context.annotation.ConfigurationClassPostProcessor.importAwareProcessor]; root of factory hierarchy
2016-02-27 11:28:49  [ main:0 ] - [ INFO ]  Refreshing org.springframework.context.support.FileSystemXmlApplicationContext@7cec9b3a: startup date [Sat Feb 27 11:28:49 CST 2016]; root of context hierarchy
2016-02-27 11:28:49  [ main:54 ] - [ INFO ]  Loading XML bean definitions from class path resource [spring-context.xml]
2016-02-27 11:28:49  [ main:192 ] - [ INFO ]  JSR-250 'javax.annotation.ManagedBean' found and supported for component scanning
2016-02-27 11:28:49  [ main:368 ] - [ INFO ]  Pre-instantiating singletons in org.springframework.beans.factory.support.DefaultListableBeanFactory@146816b7: defining beans [org.springframework.context.annotation.internalConfigurationAnnotationProcessor,org.springframework.context.annotation.internalAutowiredAnnotationProcessor,org.springframework.context.annotation.internalRequiredAnnotationProcessor,org.springframework.context.annotation.internalCommonAnnotationProcessor,com.binary.framework.util.FrameworkProperties#0,testclient,SysCodeSvc,org.springframework.context.annotation.ConfigurationClassPostProcessor.importAwareProcessor]; root of factory hierarchy
2016-02-27 11:28:53  [ main:0 ] - [ INFO ]  Refreshing org.springframework.context.support.FileSystemXmlApplicationContext@74218e19: startup date [Sat Feb 27 11:28:53 CST 2016]; root of context hierarchy
2016-02-27 11:28:53  [ main:57 ] - [ INFO ]  Loading XML bean definitions from class path resource [spring-context.xml]
2016-02-27 11:28:53  [ main:203 ] - [ INFO ]  JSR-250 'javax.annotation.ManagedBean' found and supported for component scanning
2016-02-27 11:28:53  [ main:378 ] - [ INFO ]  Pre-instantiating singletons in org.springframework.beans.factory.support.DefaultListableBeanFactory@4d16c81d: defining beans [org.springframework.context.annotation.internalConfigurationAnnotationProcessor,org.springframework.context.annotation.internalAutowiredAnnotationProcessor,org.springframework.context.annotation.internalRequiredAnnotationProcessor,org.springframework.context.annotation.internalCommonAnnotationProcessor,com.binary.framework.util.FrameworkProperties#0,testclient,SysCodeSvc,org.springframework.context.annotation.ConfigurationClassPostProcessor.importAwareProcessor]; root of factory hierarchy
2016-02-27 12:41:28  [ main:0 ] - [ INFO ]  Refreshing org.springframework.context.support.FileSystemXmlApplicationContext@7cec9b3a: startup date [Sat Feb 27 12:41:28 CST 2016]; root of context hierarchy
2016-02-27 12:41:28  [ main:53 ] - [ INFO ]  Loading XML bean definitions from class path resource [spring-context.xml]
2016-02-27 12:41:28  [ main:190 ] - [ INFO ]  JSR-250 'javax.annotation.ManagedBean' found and supported for component scanning
2016-02-27 12:41:28  [ main:360 ] - [ INFO ]  Pre-instantiating singletons in org.springframework.beans.factory.support.DefaultListableBeanFactory@146816b7: defining beans [org.springframework.context.annotation.internalConfigurationAnnotationProcessor,org.springframework.context.annotation.internalAutowiredAnnotationProcessor,org.springframework.context.annotation.internalRequiredAnnotationProcessor,org.springframework.context.annotation.internalCommonAnnotationProcessor,com.binary.framework.util.FrameworkProperties#0,testclient,SysCodeSvc,org.springframework.context.annotation.ConfigurationClassPostProcessor.importAwareProcessor]; root of factory hierarchy
